[20:52:53] [ServerMain/INFO]: Environment: Environment[sessionHost=https://sessionserver.mojang.com, servicesHost=https://api.minecraftservices.com, name=PROD]
[20:52:54] [ServerMain/INFO]: No existing world data, creating new world
[20:52:56] [ServerMain/INFO]: Loaded 1337 recipes
[20:52:56] [ServerMain/INFO]: Loaded 1448 advancements
[20:52:56] [Server thread/INFO]: Starting minecraft server version 1.21.3
[20:52:56] [Server thread/INFO]: Loading properties
[20:52:56] [Server thread/INFO]: Default game type: SURVIVAL
[20:52:56] [Server thread/INFO]: Generating keypair
[20:52:56] [Server thread/INFO]: Starting Minecraft server on *:25565
[20:52:56] [Server thread/INFO]: Using epoll channel type
[20:52:56] [Server thread/WARN]: **** SERVER IS RUNNING IN OFFLINE/INSECURE MODE!
[20:52:56] [Server thread/WARN]: The server will make no attempt to authenticate usernames. Beware.
[20:52:56] [Server thread/WARN]: While this makes the game possible to play without internet access, it also opens up the ability for hackers to connect with any username they choose.
[20:52:56] [Server thread/WARN]: To change this, set "online-mode" to "true" in the server.properties file.
[20:52:56] [Server thread/INFO]: Preparing level "world"
[20:53:10] [Server thread/INFO]: Preparing start region for dimension minecraft:overworld
[20:53:10] [Worker-Main-1/INFO]: Preparing spawn area: 2%
[20:53:11] [Worker-Main-1/INFO]: Preparing spawn area: 2%
[20:53:11] [Worker-Main-1/INFO]: Preparing spawn area: 2%
[20:53:11] [Worker-Main-1/INFO]: Preparing spawn area: 2%
[20:53:12] [Worker-Main-1/INFO]: Preparing spawn area: 2%
[20:53:12] [Worker-Main-1/INFO]: Preparing spawn area: 2%
[20:53:13] [Worker-Main-1/INFO]: Preparing spawn area: 14%
[20:53:13] [Worker-Main-1/INFO]: Preparing spawn area: 16%
[20:53:14] [Worker-Main-1/INFO]: Preparing spawn area: 16%
[20:53:14] [Worker-Main-1/INFO]: Preparing spawn area: 16%
[20:53:15] [Worker-Main-1/INFO]: Preparing spawn area: 16%
[20:53:15] [Worker-Main-1/INFO]: Preparing spawn area: 16%
[20:53:16] [Worker-Main-1/INFO]: Preparing spawn area: 16%
[20:53:16] [Worker-Main-1/INFO]: Preparing spawn area: 16%
[20:53:17] [Worker-Main-1/INFO]: Preparing spawn area: 16%
[20:53:17] [Worker-Main-1/INFO]: Preparing spawn area: 16%
[20:53:18] [Worker-Main-1/INFO]: Preparing spawn area: 16%
[20:53:18] [Worker-Main-1/INFO]: Preparing spawn area: 16%
[20:53:19] [Server thread/INFO]: Time elapsed: 8897 ms
[20:53:19] [Server thread/INFO]: Done (22.335s)! For help, type "help"
[20:54:19] [Server thread/INFO]: Server empty for 60 seconds, pausing
[20:57:14] [Server thread/INFO]: culitojones[/127.41.231.61:39431] logged in with entity id 23 at (-807.5, 66.0, -165.5)
[20:57:14] [Server thread/INFO]: culitojones joined the game
[20:59:22] [Server thread/WARN]: Mismatch in destroy block pos: jh{x=-834, y=73, z=-96} jh{x=-832, y=71, z=-96}
[20:59:54] [Server thread/INFO]: culitojones lost connection: Disconnected
[20:59:54] [Server thread/INFO]: culitojones left the game
[21:00:36] [Server thread/INFO]: Unknown or incomplete command, see below for error
[21:00:36] [Server thread/INFO]: sdfgasdf<--[HERE]
[21:00:39] [Server thread/INFO]: Unknown or incomplete command, see below for error
[21:00:39] [Server thread/INFO]: exit<--[HERE]
[21:00:44] [Server thread/INFO]: Unknown or incomplete command, see below for error
[21:00:44] [Server thread/INFO]: shutdown<--[HERE]
[21:00:44] [Server thread/INFO]: Unknown or incomplete command, see below for error
[21:00:44] [Server thread/INFO]: <--[HERE]
[21:00:45] [Server thread/INFO]: Unknown or incomplete command, see below for error
[21:00:45] [Server thread/INFO]: <--[HERE]
[21:00:45] [Server thread/INFO]: Unknown or incomplete command, see below for error
[21:00:45] [Server thread/INFO]: <--[HERE]
[21:00:45] [Server thread/INFO]: Unknown or incomplete command, see below for error
[21:00:45] [Server thread/INFO]: <--[HERE]
[21:00:48] [Server thread/INFO]: Unknown or incomplete command, see below for error
[21:00:48] [Server thread/INFO]: reboot<--[HERE]
[21:00:51] [Server thread/INFO]: Unknown or incomplete command, see below for error
[21:00:51] [Server thread/INFO]: boot<--[HERE]
[21:00:54] [Server thread/INFO]: Server empty for 60 seconds, pausing
[21:01:04] [Server thread/INFO]: An entity is required to run this command here
[21:01:05] [Server thread/INFO]: Unknown or incomplete command, see below for error
[21:01:05] [Server thread/INFO]: <--[HERE]
[21:01:05] [Server thread/INFO]: Unknown or incomplete command, see below for error
[21:01:05] [Server thread/INFO]: <--[HERE]
[21:01:06] [Server thread/INFO]: Unknown or incomplete command, see below for error
[21:01:06] [Server thread/INFO]: <--[HERE]
[21:01:06] [Server thread/INFO]: Unknown or incomplete command, see below for error
[21:01:06] [Server thread/INFO]: <--[HERE]
